[debug] > Exec(~run, None, None)
[debug] > Exec(__runWatch console0, None, None)
[debug] > Exec(sbtStashOnFailure, None, None)
[debug] > Exec(__preWatch console0, None, None)
[debug] > Exec(run, None, None)
[debug] Evaluating tasks: Compile / run
[debug] Running task... Cancel: Signal, check cycles: false, forcegc: true
[info] compiling 4 Scala sources to D:\Scala_project\ScalaGitlab\target\scala-2.13\classes ...
[error] D:\Scala_project\ScalaGitlab\src\main\scala\Main.scala:52:9: missing argument list for method apply in object Some
[error] Unapplied methods are only converted to functions when a function type is expected.
[error] You can make this conversion explicit by writing `apply _` or `apply(_)` instead of `apply`.
[error]     Some["asdasda"]
[error]         ^
[error] one error found
[error] (Compile / compileIncremental) Compilation failed
[error] Total time: 1 s, completed 3 авг. 2023 г., 19:06:25
[debug] > Exec(resumeFromFailure, None, None)
[debug] > Exec(sbtPopOnFailure, None, None)
[debug] > Exec(__postWatch console0, None, None)
[debug] > Exec(__waitWatch console0, None, None)
