[debug] > Exec(~run, None, None)
[warn] build source files have changed
[warn] modified files: 
[warn]   D:\Scala_project\ScalaGitlab\build.sbt
[warn] Apply these changes by running `reload`.
[warn] Automatically reload the build when source changes are detected by setting `Global / onChangedBuildSource := ReloadOnSourceChanges`.
[warn] Disable this warning by setting `Global / onChangedBuildSource := IgnoreSourceChanges`.
[debug] > Exec(__runWatch console0, None, None)
[debug] > Exec(sbtStashOnFailure, None, None)
[debug] > Exec(__preWatch console0, None, None)
[debug] > Exec(run, None, None)
[debug] Evaluating tasks: Compile / run
[debug] Running task... Cancel: Signal, check cycles: false, forcegc: true
[info] compiling 1 Scala source to D:\Scala_project\ScalaGitlab\target\scala-2.13\classes ...
[error] D:\Scala_project\ScalaGitlab\src\main\scala\Main.scala:1:11: object circe is not a member of package io
[error] import io.circe.Json
[error]           ^
[error] D:\Scala_project\ScalaGitlab\src\main\scala\Main.scala:8:22: not found: value Json
[error]   val myJsonString = Json.fromString(myString)
[error]                      ^
[error] two errors found
[debug] Forcing garbage collection...
[error] (Compile / compileIncremental) Compilation failed
[error] Total time: 1 s, completed 22 июн. 2023 г., 23:40:18
[debug] > Exec(resumeFromFailure, None, None)
[debug] > Exec(sbtPopOnFailure, None, None)
[debug] > Exec(__postWatch console0, None, None)
[debug] > Exec(__waitWatch console0, None, None)
